<?xml version="1.0" encoding="UTF-8" ?>
<testsuite tests="3" failures="2" name="integration.sparkprocess.PageRoutingsExistForLocalExecutionTest" time="0.157" errors="0" skipped="0">
  <properties>
[...]
</properties>
  <testcase classname="integration.sparkprocess.PageRoutingsExistForLocalExecutionTest" name="localOnlyIndexPages" time="0.109"/>
  <testcase classname="integration.sparkprocess.PageRoutingsExistForLocalExecutionTest" name="localIndexPageContainsURLForGamesIndex" time="0.024">
    <failure type="java.lang.AssertionError">java.lang.AssertionError
	at org.junit.Assert.fail(Assert.java:86)
	at org.junit.Assert.assertTrue(Assert.java:41)
	at org.junit.Assert.assertTrue(Assert.java:52)
	at integration.sparkprocess.PageRoutingsExistForLocalExecutionTest.localIndexPageContainsURLForGamesIndex(PageRoutingsExistForLocalExecutionTest.java:40)
	at java.base/jdk.internal.reflect.NativeMethodAccessorImpl.invoke0(Native Method)
	at java.base/jdk.internal.reflect.NativeMethodAccessorImpl.invoke(NativeMethodAccessorImpl.java:62)
	at java.base/jdk.internal.reflect.DelegatingMethodAccessorImpl.invoke(DelegatingMethodAccessorImpl.java:43)
	at java.base/java.lang.reflect.Method.invoke(Method.java:567)
	at org.junit.runners.model.FrameworkMethod$1.runReflectiveCall(FrameworkMethod.java:50)
	at org.junit.internal.runners.model.ReflectiveCallable.run(ReflectiveCallable.java:12)
	at org.junit.runners.model.FrameworkMethod.invokeExplosively(FrameworkMethod.java:47)
	at org.junit.internal.runners.statements.InvokeMethod.evaluate(InvokeMethod.java:17)
	at org.junit.internal.runners.statements.RunBefores.evaluate(RunBefores.java:26)
	at org.junit.runners.ParentRunner.runLeaf(ParentRunner.java:325)
	at org.junit.runners.BlockJUnit4ClassRunner.runChild(BlockJUnit4ClassRunner.java:78)
	at org.junit.runners.BlockJUnit4ClassRunner.runChild(BlockJUnit4ClassRunner.java:57)
	at org.junit.runners.ParentRunner$3.run(ParentRunner.java:290)
	at org.junit.runners.ParentRunner$1.schedule(ParentRunner.java:71)
	at org.junit.runners.ParentRunner.runChildren(ParentRunner.java:288)
	at org.junit.runners.ParentRunner.access$000(ParentRunner.java:58)
	at org.junit.runners.ParentRunner$2.evaluate(ParentRunner.java:268)
	at org.junit.internal.runners.statements.RunBefores.evaluate(RunBefores.java:26)
	at org.junit.runners.ParentRunner.run(ParentRunner.java:363)
	at org.apache.maven.surefire.junit4.JUnit4Provider.execute(JUnit4Provider.java:252)
	at org.apache.maven.surefire.junit4.JUnit4Provider.executeTestSet(JUnit4Provider.java:141)
	at org.apache.maven.surefire.junit4.JUnit4Provider.invoke(JUnit4Provider.java:112)
	at java.base/jdk.internal.reflect.NativeMethodAccessorImpl.invoke0(Native Method)
	at java.base/jdk.internal.reflect.NativeMethodAccessorImpl.invoke(NativeMethodAccessorImpl.java:62)
	at java.base/jdk.internal.reflect.DelegatingMethodAccessorImpl.invoke(DelegatingMethodAccessorImpl.java:43)
	at java.base/java.lang.reflect.Method.invoke(Method.java:567)
	at org.apache.maven.surefire.util.ReflectionUtils.invokeMethodWithArray(ReflectionUtils.java:189)
	at org.apache.maven.surefire.booter.ProviderFactory$ProviderProxy.invoke(ProviderFactory.java:165)
	at org.apache.maven.surefire.booter.ProviderFactory.invokeProvider(ProviderFactory.java:85)
	at org.apache.maven.surefire.booter.ForkedBooter.runSuitesInProcess(ForkedBooter.java:115)
	at org.apache.maven.surefire.booter.ForkedBooter.main(ForkedBooter.java:75)
</failure>
    <system-out>&lt;html&gt;&lt;head&gt;    &lt;title&gt;Selenium Test Pages&lt;/title&gt;    &lt;link rel=&quot;stylesheet&quot; href=&quot;/css/testpages.css&quot;&gt;&lt;/head&gt;&lt;body&gt;&lt;div class=&quot;page-body&quot;&gt;    &lt;h1&gt;Test Pages For Automating&lt;/h1&gt;    &lt;div class=&quot;explanation&quot;&gt;        &lt;p&gt;This is a set of pages for automating or testing.            Some of the examples are suitable for manual exploratory testing or JavaScript hacking.        &lt;/p&gt;    &lt;/div&gt;    &lt;h2&gt;Examples&lt;/h2&gt;    &lt;div class=&quot;explanation&quot;&gt;        &lt;p&gt;This set of pages are styled and            have explanation/help on the page. They can support exploratory testing, learning HTML,            learning Technical Web Testing, and JavaScript hacking.        &lt;/p&gt;    &lt;/div&gt;    &lt;p class=&quot;inline-explanation&quot;&gt;These pages are simple example and exercise pages.&lt;/p&gt;    &lt;ul&gt;        &lt;li&gt;&lt;a id=&quot;basicpagetest&quot; href=&quot;styled/basic-web-page-test.html&quot;&gt;Basic Web Page Example&lt;/a&gt;&lt;/li&gt;&lt;/li&gt;        &lt;li&gt;&lt;a id=&quot;elementattributestest&quot; href=&quot;styled/attributes-test.html&quot;&gt;Element Attributes Examples&lt;/a&gt;&lt;/li&gt;&lt;/li&gt;        &lt;li&gt;&lt;a id=&quot;findbytest&quot; href=&quot;styled/find-by-playground-test.html&quot;&gt;Locators - Find By Playground Test Page&lt;/a&gt;&lt;/li&gt;&lt;/li&gt;        &lt;li&gt;Frames            &lt;ul&gt;                &lt;li&gt;&lt;a id=&quot;framestest&quot; href=&quot;styled/frames/frames-test.html&quot;&gt;Frames Test Page&lt;/a&gt;&lt;/li&gt;                &lt;li&gt;&lt;a id=&quot;iframestest&quot; href=&quot;styled/iframes-test.html&quot;&gt;iFrames Test Page&lt;/a&gt;&lt;/li&gt;            &lt;/ul&gt;        &lt;/li&gt;        &lt;li&gt;Forms &amp; Windows            &lt;ul&gt;                &lt;li&gt;&lt;a id=&quot;htmlformtest&quot; href=&quot;styled/basic-html-form-test.html&quot;&gt;HTML Form Example&lt;/a&gt;&lt;/li&gt;&lt;/li&gt;                &lt;li&gt;&lt;a id=&quot;html5formtest&quot; href=&quot;styled/html5-form-test.html&quot;&gt;HTML5 Element Form Test Page&lt;/a&gt;&lt;/li&gt;                &lt;li&gt;&lt;a id=&quot;windowstest&quot; href=&quot;styled/windows-test.html&quot;&gt;Windows Link Test Page&lt;/a&gt;&lt;/li&gt;            &lt;/ul&gt;        &lt;/li&gt;        &lt;li&gt;JavaScript            &lt;ul&gt;                &lt;li&gt;&lt;a id=&quot;alerttest&quot; href=&quot;styled/alert-test.html&quot;&gt;Alerts (JavaScript)&lt;/a&gt;&lt;/li&gt;&lt;/li&gt;                &lt;li&gt;&lt;a id=&quot;basicajaxtest&quot; href=&quot;styled/basic-ajax-test.html&quot;&gt;Ajax JavaScript Examples&lt;/a&gt;&lt;/li&gt;&lt;/li&gt;                &lt;li&gt;&lt;a id=&quot;useractionstest&quot; href=&quot;styled/drag-drop-javascript.html&quot;&gt;Drag And Drop Test Page (JavaScript)&lt;/a&gt;&lt;/li&gt;&lt;/li&gt;                &lt;li&gt;&lt;a id=&quot;javascriptfieldvalidationtest&quot; href=&quot;styled/basic-javascript-validation-test.html&quot;&gt;Field Validation With JavaScript Example&lt;/a&gt;&lt;/li&gt;&lt;/li&gt;                &lt;li&gt;&lt;a id=&quot;clickdisplaytest&quot; href=&quot;styled/key-click-display-test.html&quot;&gt;Key Click Display Test Page&lt;/a&gt;&lt;/li&gt;                &lt;li&gt;&lt;a id=&quot;redirecttest&quot; href=&quot;styled/javascript-redirect-test.html&quot;&gt;Redirect (JavaScript) Test Page&lt;/a&gt;&lt;/li&gt;                &lt;li&gt;&lt;a id=&quot;refreshtest&quot; href=&quot;styled/refresh&quot;&gt;Refresh Test Page&lt;/a&gt;&lt;/li&gt;            &lt;/ul&gt;        &lt;/li&gt;        &lt;li&gt;User Agents            &lt;ul&gt;                &lt;li&gt;&lt;a id=&quot;useragentredirect&quot; href = &quot;styled/redirect/user-agent-redirect-test&quot;&gt;User Agent Redirect Page&lt;/a&gt;&lt;/li&gt;            &lt;/ul&gt;        &lt;/li&gt;        &lt;li&gt;CSS            &lt;ul&gt;                &lt;li&gt;&lt;a id=&quot;cssmediasize&quot; href = &quot;styled/css-media-queries.html&quot;&gt;CSS Media Query Based On Size&lt;/a&gt;&lt;/li&gt;            &lt;/ul&gt;        &lt;/li&gt;        &lt;li&gt;Synchronisation            &lt;ul&gt;                &lt;li&gt;&lt;a id=&quot;expanding&quot; href = &quot;styled/expandingdiv.html&quot;&gt;Expanding Div via CSS&lt;/a&gt;&lt;/li&gt;                &lt;li&gt;&lt;a id=&quot;button01&quot; href = &quot;styled/dynamic-buttons-simple.html&quot;&gt;Dynamic Buttons Challenge 01&lt;/a&gt;&lt;/li&gt;                &lt;li&gt;&lt;a id=&quot;button02&quot; href = &quot;styled/dynamic-buttons-disabled.html&quot;&gt;Dynamic Buttons Challenge 02&lt;/a&gt;&lt;/li&gt;                &lt;li&gt;&lt;a id=&quot;progressbars&quot; href = &quot;styled/progress-bars-sync.html&quot;&gt;Multiple Progress Bars&lt;/a&gt;&lt;/li&gt;                &lt;li&gt;&lt;a id=&quot;xhttpmessages&quot; href = &quot;styled/sync/xhttp-messages.html&quot;&gt;XHTTP Message Processing&lt;/a&gt;&lt;/li&gt;            &lt;/ul&gt;        &lt;/li&gt;        &lt;!-- todo:             - create an html drag and drop page - same as existing but using HTML5 drag and drop             - create file download pages - from link, from post, dynamic or static?         --&gt;    &lt;/ul&gt;    &lt;h2&gt;Micro Apps&lt;/h2&gt;    &lt;p class=&quot;inline-explanation&quot;&gt;These pages are also suitable for exploratory testing and longer exercises.&lt;/p&gt;    &lt;ul&gt;        &lt;li&gt;&lt;a id=&quot;calculatetest&quot; href=&quot;styled/calculator&quot;&gt;Calculator&lt;/a&gt;&lt;/li&gt;&lt;/li&gt;        &lt;li&gt;&lt;a id=&quot;scribbletest&quot; href=&quot;styled/gui-scribble.html&quot;&gt;Canvas Scribble Test Page&lt;/a&gt;&lt;/li&gt;&lt;/li&gt;        &lt;li&gt;&lt;a id=&quot;canvastest&quot; href=&quot;styled/canvas-javascript-test.html&quot;&gt;Canvas Drawing with JavaScript Example&lt;/a&gt;&lt;/li&gt;        &lt;li&gt;&lt;a id=&quot;fileuploadtest&quot; href=&quot;styled/file-upload-test.html&quot;&gt;File Upload Example Page&lt;/a&gt;&lt;/li&gt;        &lt;li&gt;&lt;a id=&quot;countdowntest&quot; href=&quot;styled/javascript-countdown-test.html&quot;&gt;JavaScript Countdown Test Page&lt;/a&gt;&lt;/li&gt;&lt;/li&gt;        &lt;li&gt;&lt;a id=&quot;searchtest&quot; href=&quot;styled/search&quot;&gt;Search&lt;/a&gt;&lt;/li&gt;    &lt;/ul&gt;&lt;h2&gt;Original Contents&lt;/h2&gt;    &lt;div class=&quot;explanation&quot;&gt;        &lt;p&gt;This is the original set of pages created for the book            Selenium Simplified and have been used in WebDriver Training by Alan Richardson.            These pages lack formatting and are backwards compatible with the book and early            course source code.        &lt;/p&gt;    &lt;/div&gt;    &lt;ul&gt;    &lt;li&gt;&lt;a id=&quot;alert&quot; href=&quot;alert.html&quot;&gt;Alert&lt;/a&gt;&lt;/li&gt;    &lt;li&gt;&lt;a id=&quot;alerts&quot; href=&quot;alerts.html&quot;&gt;Alerts&lt;/a&gt;&lt;/li&gt;    &lt;li&gt;&lt;a id=&quot;basicajax&quot; href=&quot;basic_ajax.html&quot;&gt;Basic Ajax&lt;/a&gt;&lt;/li&gt;    &lt;li&gt;&lt;a id=&quot;htmlform&quot; href=&quot;basic_html_form.html&quot;&gt;Basic HTML Form&lt;/a&gt;&lt;/li&gt;    &lt;li&gt;&lt;a id=&quot;webpage&quot; href=&quot;basic_web_page.html&quot;&gt;Basic Web Page&lt;/a&gt;&lt;/li&gt;    &lt;li&gt;&lt;a id=&quot;bounce&quot; href=&quot;bounce.html&quot;&gt;Bounce&lt;/a&gt;&lt;/li&gt;    &lt;li&gt;&lt;a id=&quot;calculate&quot; href=&quot;calculate.php&quot;&gt;Calculate&lt;/a&gt;&lt;/li&gt;    &lt;li&gt;&lt;a id=&quot;findby&quot; href=&quot;find_by_playground.php&quot;&gt;Find By Playground&lt;/a&gt;&lt;/li&gt;    &lt;li&gt;&lt;a id=&quot;useractions&quot; href=&quot;gui_user_interactions.html&quot;&gt;GUI User Interactions&lt;/a&gt;&lt;/li&gt;    &lt;li&gt;&lt;a id=&quot;countdown&quot; href=&quot;javascript_countdown.html&quot;&gt;JavaScript Countdown&lt;/a&gt;&lt;/li&gt;    &lt;li&gt;&lt;a id=&quot;clickdisplay&quot; href=&quot;key_click_display.html&quot;&gt;Key Click Display&lt;/a&gt;&lt;/li&gt;    &lt;li&gt;&lt;a id=&quot;refresh&quot; href=&quot;refresh.php&quot;&gt;Refresh&lt;/a&gt;&lt;/li&gt;    &lt;li&gt;&lt;a id=&quot;search&quot; href=&quot;search.php&quot;&gt;Search&lt;/a&gt;&lt;/li&gt;    &lt;li&gt;&lt;a id=&quot;frames&quot; href=&quot;frames/index.html&quot;&gt;Frames&lt;/a&gt;&lt;/li&gt;    &lt;li&gt;&lt;a id=&quot;redirect&quot; href=&quot;basic_redirect.html&quot;&gt;Basic Redirect&lt;/a&gt;&lt;/li&gt;    &lt;li&gt;&lt;a id=&quot;cavas&quot; href=&quot;canvas_basic.html&quot;&gt;Basic Canvas Example&lt;/a&gt;&lt;/li&gt;    &lt;li&gt;&lt;a id=&quot;fileupload&quot; href=&quot;file_upload_j.html&quot;&gt;File Upload Example&lt;/a&gt;&lt;/li&gt;    &lt;li&gt;&lt;a id=&quot;html5form&quot; href=&quot;basic_html5_form.html&quot;&gt;Basic HTML5 Form&lt;/a&gt;&lt;/li&gt;&lt;/ul&gt;&lt;h2&gt;Credits&lt;/h2&gt;&lt;p&gt;In the Orginal Examples the following credits apply.&lt;/p&gt;&lt;ul&gt;&lt;li&gt;Frames expands upon the  the frames templates provided free of charge by Quackit &lt;a href=&quot;http://www.quackit.com&quot; target=&quot;_blank&quot; rel=&quot;noopener noreferrer&quot;&gt;quackit.com&lt;/a&gt; and can be found at &lt;a href=&quot;http://www.quackit.com/html/templates/frames/&quot; target=&quot;_blank&quot; rel=&quot;noopener noreferrer&quot;&gt;frames&lt;/a&gt;&lt;/li&gt;&lt;li&gt;Javascript Countdown uses the code provided at &lt;a href=&quot;http://stuntsnippets.com/javascript-countdown/&quot; target=&quot;_blank&quot; rel=&quot;noopener noreferrer&quot;&gt;stuntsnippets.com&lt;/a&gt;&lt;/li&gt;&lt;li&gt;Search was based on example code provided by Microsoft&lt;/li&gt;&lt;/ul&gt;&lt;p&gt;We believe the rest was written by Alan Richardson, some of it aided by various Google searches. If you think your work has been used without credit then please remind us.&lt;/p&gt;&lt;p&gt;We believe no licenses have been violated by our pages, if we are wrong, please let us know.&lt;/p&gt;&lt;h2&gt;About&lt;/h2&gt;&lt;p&gt;This is a set of pages which have been written for the purpose of &lt;a href=&quot;https://www.eviltester.com/page/onlinetraining/courses&quot; rel=&quot;noopener noreferrer&quot;&gt;training people in Selenium/WebDriver&lt;/a&gt;, or working through &lt;a href=&quot;https://www.eviltester.com/page/books/&quot; rel=&quot;noopener noreferrer&quot;&gt;books written by Alan Richardson&lt;/a&gt;&lt;/p&gt;&lt;p&gt;Portions of these pages have been based on other open source or public domain work. This will be noted either in the file or on this page.&lt;/p&gt;&lt;h3&gt;License&lt;/h3&gt;&lt;p&gt;You may use these pages for private study and practice.&lt;/p&gt;&lt;p&gt;Please do not use these pages for commercial purposes without permission. Including, but not limited to,  commercial training courses, or commercial book writing projects. If you wish to use these for commercial purposes then please contact the author.&lt;/p&gt;&lt;p&gt;You can download the pages from &lt;a href=&quot;https://github.com/eviltester/TestingApp/tree/master/java/testingapps/seleniumtestpages&quot; target=&quot;_blank&quot; rel=&quot;noopener noreferrer&quot;&gt;github&lt;/a&gt;&lt;/p&gt;&lt;/div&gt;&lt;/body&gt;&lt;/html&gt;
</system-out>
  </testcase>
  <testcase classname="integration.sparkprocess.PageRoutingsExistForLocalExecutionTest" name="localIndexPageContainsURLForAppsIndex" time="0.024">
    <failure type="java.lang.AssertionError">java.lang.AssertionError
	at org.junit.Assert.fail(Assert.java:86)
	at org.junit.Assert.assertTrue(Assert.java:41)
	at org.junit.Assert.assertTrue(Assert.java:52)
	at integration.sparkprocess.PageRoutingsExistForLocalExecutionTest.localIndexPageContainsURLForAppsIndex(PageRoutingsExistForLocalExecutionTest.java:34)
	at java.base/jdk.internal.reflect.NativeMethodAccessorImpl.invoke0(Native Method)
	at java.base/jdk.internal.reflect.NativeMethodAccessorImpl.invoke(NativeMethodAccessorImpl.java:62)
	at java.base/jdk.internal.reflect.DelegatingMethodAccessorImpl.invoke(DelegatingMethodAccessorImpl.java:43)
	at java.base/java.lang.reflect.Method.invoke(Method.java:567)
	at org.junit.runners.model.FrameworkMethod$1.runReflectiveCall(FrameworkMethod.java:50)
	at org.junit.internal.runners.model.ReflectiveCallable.run(ReflectiveCallable.java:12)
	at org.junit.runners.model.FrameworkMethod.invokeExplosively(FrameworkMethod.java:47)
	at org.junit.internal.runners.statements.InvokeMethod.evaluate(InvokeMethod.java:17)
	at org.junit.internal.runners.statements.RunBefores.evaluate(RunBefores.java:26)
	at org.junit.runners.ParentRunner.runLeaf(ParentRunner.java:325)
	at org.junit.runners.BlockJUnit4ClassRunner.runChild(BlockJUnit4ClassRunner.java:78)
	at org.junit.runners.BlockJUnit4ClassRunner.runChild(BlockJUnit4ClassRunner.java:57)
	at org.junit.runners.ParentRunner$3.run(ParentRunner.java:290)
	at org.junit.runners.ParentRunner$1.schedule(ParentRunner.java:71)
	at org.junit.runners.ParentRunner.runChildren(ParentRunner.java:288)
	at org.junit.runners.ParentRunner.access$000(ParentRunner.java:58)
	at org.junit.runners.ParentRunner$2.evaluate(ParentRunner.java:268)
	at org.junit.internal.runners.statements.RunBefores.evaluate(RunBefores.java:26)
	at org.junit.runners.ParentRunner.run(ParentRunner.java:363)
	at org.apache.maven.surefire.junit4.JUnit4Provider.execute(JUnit4Provider.java:252)
	at org.apache.maven.surefire.junit4.JUnit4Provider.executeTestSet(JUnit4Provider.java:141)
	at org.apache.maven.surefire.junit4.JUnit4Provider.invoke(JUnit4Provider.java:112)
	at java.base/jdk.internal.reflect.NativeMethodAccessorImpl.invoke0(Native Method)
	at java.base/jdk.internal.reflect.NativeMethodAccessorImpl.invoke(NativeMethodAccessorImpl.java:62)
	at java.base/jdk.internal.reflect.DelegatingMethodAccessorImpl.invoke(DelegatingMethodAccessorImpl.java:43)
	at java.base/java.lang.reflect.Method.invoke(Method.java:567)
	at org.apache.maven.surefire.util.ReflectionUtils.invokeMethodWithArray(ReflectionUtils.java:189)
	at org.apache.maven.surefire.booter.ProviderFactory$ProviderProxy.invoke(ProviderFactory.java:165)
	at org.apache.maven.surefire.booter.ProviderFactory.invokeProvider(ProviderFactory.java:85)
	at org.apache.maven.surefire.booter.ForkedBooter.runSuitesInProcess(ForkedBooter.java:115)
	at org.apache.maven.surefire.booter.ForkedBooter.main(ForkedBooter.java:75)
</failure>
    <system-out>&lt;html&gt;&lt;head&gt;    &lt;title&gt;Selenium Test Pages&lt;/title&gt;    &lt;link rel=&quot;stylesheet&quot; href=&quot;/css/testpages.css&quot;&gt;&lt;/head&gt;&lt;body&gt;&lt;div class=&quot;page-body&quot;&gt;    &lt;h1&gt;Test Pages For Automating&lt;/h1&gt;    &lt;div class=&quot;explanation&quot;&gt;        &lt;p&gt;This is a set of pages for automating or testing.            Some of the examples are suitable for manual exploratory testing or JavaScript hacking.        &lt;/p&gt;    &lt;/div&gt;    &lt;h2&gt;Examples&lt;/h2&gt;    &lt;div class=&quot;explanation&quot;&gt;        &lt;p&gt;This set of pages are styled and            have explanation/help on the page. They can support exploratory testing, learning HTML,            learning Technical Web Testing, and JavaScript hacking.        &lt;/p&gt;    &lt;/div&gt;    &lt;p class=&quot;inline-explanation&quot;&gt;These pages are simple example and exercise pages.&lt;/p&gt;    &lt;ul&gt;        &lt;li&gt;&lt;a id=&quot;basicpagetest&quot; href=&quot;styled/basic-web-page-test.html&quot;&gt;Basic Web Page Example&lt;/a&gt;&lt;/li&gt;&lt;/li&gt;        &lt;li&gt;&lt;a id=&quot;elementattributestest&quot; href=&quot;styled/attributes-test.html&quot;&gt;Element Attributes Examples&lt;/a&gt;&lt;/li&gt;&lt;/li&gt;        &lt;li&gt;&lt;a id=&quot;findbytest&quot; href=&quot;styled/find-by-playground-test.html&quot;&gt;Locators - Find By Playground Test Page&lt;/a&gt;&lt;/li&gt;&lt;/li&gt;        &lt;li&gt;Frames            &lt;ul&gt;                &lt;li&gt;&lt;a id=&quot;framestest&quot; href=&quot;styled/frames/frames-test.html&quot;&gt;Frames Test Page&lt;/a&gt;&lt;/li&gt;                &lt;li&gt;&lt;a id=&quot;iframestest&quot; href=&quot;styled/iframes-test.html&quot;&gt;iFrames Test Page&lt;/a&gt;&lt;/li&gt;            &lt;/ul&gt;        &lt;/li&gt;        &lt;li&gt;Forms &amp; Windows            &lt;ul&gt;                &lt;li&gt;&lt;a id=&quot;htmlformtest&quot; href=&quot;styled/basic-html-form-test.html&quot;&gt;HTML Form Example&lt;/a&gt;&lt;/li&gt;&lt;/li&gt;                &lt;li&gt;&lt;a id=&quot;html5formtest&quot; href=&quot;styled/html5-form-test.html&quot;&gt;HTML5 Element Form Test Page&lt;/a&gt;&lt;/li&gt;                &lt;li&gt;&lt;a id=&quot;windowstest&quot; href=&quot;styled/windows-test.html&quot;&gt;Windows Link Test Page&lt;/a&gt;&lt;/li&gt;            &lt;/ul&gt;        &lt;/li&gt;        &lt;li&gt;JavaScript            &lt;ul&gt;                &lt;li&gt;&lt;a id=&quot;alerttest&quot; href=&quot;styled/alert-test.html&quot;&gt;Alerts (JavaScript)&lt;/a&gt;&lt;/li&gt;&lt;/li&gt;                &lt;li&gt;&lt;a id=&quot;basicajaxtest&quot; href=&quot;styled/basic-ajax-test.html&quot;&gt;Ajax JavaScript Examples&lt;/a&gt;&lt;/li&gt;&lt;/li&gt;                &lt;li&gt;&lt;a id=&quot;useractionstest&quot; href=&quot;styled/drag-drop-javascript.html&quot;&gt;Drag And Drop Test Page (JavaScript)&lt;/a&gt;&lt;/li&gt;&lt;/li&gt;                &lt;li&gt;&lt;a id=&quot;javascriptfieldvalidationtest&quot; href=&quot;styled/basic-javascript-validation-test.html&quot;&gt;Field Validation With JavaScript Example&lt;/a&gt;&lt;/li&gt;&lt;/li&gt;                &lt;li&gt;&lt;a id=&quot;clickdisplaytest&quot; href=&quot;styled/key-click-display-test.html&quot;&gt;Key Click Display Test Page&lt;/a&gt;&lt;/li&gt;                &lt;li&gt;&lt;a id=&quot;redirecttest&quot; href=&quot;styled/javascript-redirect-test.html&quot;&gt;Redirect (JavaScript) Test Page&lt;/a&gt;&lt;/li&gt;                &lt;li&gt;&lt;a id=&quot;refreshtest&quot; href=&quot;styled/refresh&quot;&gt;Refresh Test Page&lt;/a&gt;&lt;/li&gt;            &lt;/ul&gt;        &lt;/li&gt;        &lt;li&gt;User Agents            &lt;ul&gt;                &lt;li&gt;&lt;a id=&quot;useragentredirect&quot; href = &quot;styled/redirect/user-agent-redirect-test&quot;&gt;User Agent Redirect Page&lt;/a&gt;&lt;/li&gt;            &lt;/ul&gt;        &lt;/li&gt;        &lt;li&gt;CSS            &lt;ul&gt;                &lt;li&gt;&lt;a id=&quot;cssmediasize&quot; href = &quot;styled/css-media-queries.html&quot;&gt;CSS Media Query Based On Size&lt;/a&gt;&lt;/li&gt;            &lt;/ul&gt;        &lt;/li&gt;        &lt;li&gt;Synchronisation            &lt;ul&gt;                &lt;li&gt;&lt;a id=&quot;expanding&quot; href = &quot;styled/expandingdiv.html&quot;&gt;Expanding Div via CSS&lt;/a&gt;&lt;/li&gt;                &lt;li&gt;&lt;a id=&quot;button01&quot; href = &quot;styled/dynamic-buttons-simple.html&quot;&gt;Dynamic Buttons Challenge 01&lt;/a&gt;&lt;/li&gt;                &lt;li&gt;&lt;a id=&quot;button02&quot; href = &quot;styled/dynamic-buttons-disabled.html&quot;&gt;Dynamic Buttons Challenge 02&lt;/a&gt;&lt;/li&gt;                &lt;li&gt;&lt;a id=&quot;progressbars&quot; href = &quot;styled/progress-bars-sync.html&quot;&gt;Multiple Progress Bars&lt;/a&gt;&lt;/li&gt;                &lt;li&gt;&lt;a id=&quot;xhttpmessages&quot; href = &quot;styled/sync/xhttp-messages.html&quot;&gt;XHTTP Message Processing&lt;/a&gt;&lt;/li&gt;            &lt;/ul&gt;        &lt;/li&gt;        &lt;!-- todo:             - create an html drag and drop page - same as existing but using HTML5 drag and drop             - create file download pages - from link, from post, dynamic or static?         --&gt;    &lt;/ul&gt;    &lt;h2&gt;Micro Apps&lt;/h2&gt;    &lt;p class=&quot;inline-explanation&quot;&gt;These pages are also suitable for exploratory testing and longer exercises.&lt;/p&gt;    &lt;ul&gt;        &lt;li&gt;&lt;a id=&quot;calculatetest&quot; href=&quot;styled/calculator&quot;&gt;Calculator&lt;/a&gt;&lt;/li&gt;&lt;/li&gt;        &lt;li&gt;&lt;a id=&quot;scribbletest&quot; href=&quot;styled/gui-scribble.html&quot;&gt;Canvas Scribble Test Page&lt;/a&gt;&lt;/li&gt;&lt;/li&gt;        &lt;li&gt;&lt;a id=&quot;canvastest&quot; href=&quot;styled/canvas-javascript-test.html&quot;&gt;Canvas Drawing with JavaScript Example&lt;/a&gt;&lt;/li&gt;        &lt;li&gt;&lt;a id=&quot;fileuploadtest&quot; href=&quot;styled/file-upload-test.html&quot;&gt;File Upload Example Page&lt;/a&gt;&lt;/li&gt;        &lt;li&gt;&lt;a id=&quot;countdowntest&quot; href=&quot;styled/javascript-countdown-test.html&quot;&gt;JavaScript Countdown Test Page&lt;/a&gt;&lt;/li&gt;&lt;/li&gt;        &lt;li&gt;&lt;a id=&quot;searchtest&quot; href=&quot;styled/search&quot;&gt;Search&lt;/a&gt;&lt;/li&gt;    &lt;/ul&gt;&lt;h2&gt;Original Contents&lt;/h2&gt;    &lt;div class=&quot;explanation&quot;&gt;        &lt;p&gt;This is the original set of pages created for the book            Selenium Simplified and have been used in WebDriver Training by Alan Richardson.            These pages lack formatting and are backwards compatible with the book and early            course source code.        &lt;/p&gt;    &lt;/div&gt;    &lt;ul&gt;    &lt;li&gt;&lt;a id=&quot;alert&quot; href=&quot;alert.html&quot;&gt;Alert&lt;/a&gt;&lt;/li&gt;    &lt;li&gt;&lt;a id=&quot;alerts&quot; href=&quot;alerts.html&quot;&gt;Alerts&lt;/a&gt;&lt;/li&gt;    &lt;li&gt;&lt;a id=&quot;basicajax&quot; href=&quot;basic_ajax.html&quot;&gt;Basic Ajax&lt;/a&gt;&lt;/li&gt;    &lt;li&gt;&lt;a id=&quot;htmlform&quot; href=&quot;basic_html_form.html&quot;&gt;Basic HTML Form&lt;/a&gt;&lt;/li&gt;    &lt;li&gt;&lt;a id=&quot;webpage&quot; href=&quot;basic_web_page.html&quot;&gt;Basic Web Page&lt;/a&gt;&lt;/li&gt;    &lt;li&gt;&lt;a id=&quot;bounce&quot; href=&quot;bounce.html&quot;&gt;Bounce&lt;/a&gt;&lt;/li&gt;    &lt;li&gt;&lt;a id=&quot;calculate&quot; href=&quot;calculate.php&quot;&gt;Calculate&lt;/a&gt;&lt;/li&gt;    &lt;li&gt;&lt;a id=&quot;findby&quot; href=&quot;find_by_playground.php&quot;&gt;Find By Playground&lt;/a&gt;&lt;/li&gt;    &lt;li&gt;&lt;a id=&quot;useractions&quot; href=&quot;gui_user_interactions.html&quot;&gt;GUI User Interactions&lt;/a&gt;&lt;/li&gt;    &lt;li&gt;&lt;a id=&quot;countdown&quot; href=&quot;javascript_countdown.html&quot;&gt;JavaScript Countdown&lt;/a&gt;&lt;/li&gt;    &lt;li&gt;&lt;a id=&quot;clickdisplay&quot; href=&quot;key_click_display.html&quot;&gt;Key Click Display&lt;/a&gt;&lt;/li&gt;    &lt;li&gt;&lt;a id=&quot;refresh&quot; href=&quot;refresh.php&quot;&gt;Refresh&lt;/a&gt;&lt;/li&gt;    &lt;li&gt;&lt;a id=&quot;search&quot; href=&quot;search.php&quot;&gt;Search&lt;/a&gt;&lt;/li&gt;    &lt;li&gt;&lt;a id=&quot;frames&quot; href=&quot;frames/index.html&quot;&gt;Frames&lt;/a&gt;&lt;/li&gt;    &lt;li&gt;&lt;a id=&quot;redirect&quot; href=&quot;basic_redirect.html&quot;&gt;Basic Redirect&lt;/a&gt;&lt;/li&gt;    &lt;li&gt;&lt;a id=&quot;cavas&quot; href=&quot;canvas_basic.html&quot;&gt;Basic Canvas Example&lt;/a&gt;&lt;/li&gt;    &lt;li&gt;&lt;a id=&quot;fileupload&quot; href=&quot;file_upload_j.html&quot;&gt;File Upload Example&lt;/a&gt;&lt;/li&gt;    &lt;li&gt;&lt;a id=&quot;html5form&quot; href=&quot;basic_html5_form.html&quot;&gt;Basic HTML5 Form&lt;/a&gt;&lt;/li&gt;&lt;/ul&gt;&lt;h2&gt;Credits&lt;/h2&gt;&lt;p&gt;In the Orginal Examples the following credits apply.&lt;/p&gt;&lt;ul&gt;&lt;li&gt;Frames expands upon the  the frames templates provided free of charge by Quackit &lt;a href=&quot;http://www.quackit.com&quot; target=&quot;_blank&quot; rel=&quot;noopener noreferrer&quot;&gt;quackit.com&lt;/a&gt; and can be found at &lt;a href=&quot;http://www.quackit.com/html/templates/frames/&quot; target=&quot;_blank&quot; rel=&quot;noopener noreferrer&quot;&gt;frames&lt;/a&gt;&lt;/li&gt;&lt;li&gt;Javascript Countdown uses the code provided at &lt;a href=&quot;http://stuntsnippets.com/javascript-countdown/&quot; target=&quot;_blank&quot; rel=&quot;noopener noreferrer&quot;&gt;stuntsnippets.com&lt;/a&gt;&lt;/li&gt;&lt;li&gt;Search was based on example code provided by Microsoft&lt;/li&gt;&lt;/ul&gt;&lt;p&gt;We believe the rest was written by Alan Richardson, some of it aided by various Google searches. If you think your work has been used without credit then please remind us.&lt;/p&gt;&lt;p&gt;We believe no licenses have been violated by our pages, if we are wrong, please let us know.&lt;/p&gt;&lt;h2&gt;About&lt;/h2&gt;&lt;p&gt;This is a set of pages which have been written for the purpose of &lt;a href=&quot;https://www.eviltester.com/page/onlinetraining/courses&quot; rel=&quot;noopener noreferrer&quot;&gt;training people in Selenium/WebDriver&lt;/a&gt;, or working through &lt;a href=&quot;https://www.eviltester.com/page/books/&quot; rel=&quot;noopener noreferrer&quot;&gt;books written by Alan Richardson&lt;/a&gt;&lt;/p&gt;&lt;p&gt;Portions of these pages have been based on other open source or public domain work. This will be noted either in the file or on this page.&lt;/p&gt;&lt;h3&gt;License&lt;/h3&gt;&lt;p&gt;You may use these pages for private study and practice.&lt;/p&gt;&lt;p&gt;Please do not use these pages for commercial purposes without permission. Including, but not limited to,  commercial training courses, or commercial book writing projects. If you wish to use these for commercial purposes then please contact the author.&lt;/p&gt;&lt;p&gt;You can download the pages from &lt;a href=&quot;https://github.com/eviltester/TestingApp/tree/master/java/testingapps/seleniumtestpages&quot; target=&quot;_blank&quot; rel=&quot;noopener noreferrer&quot;&gt;github&lt;/a&gt;&lt;/p&gt;&lt;/div&gt;&lt;/body&gt;&lt;/html&gt;
</system-out>
  </testcase>
</testsuite>